#
# A fatal error has been detected by the Java Runtime Environment:
#
#  Internal Error (javaClasses.cpp:126), pid=2580, tid=6864
#  fatal error: Invalid layout of preloaded class
#
# JRE version:  (8.0_25-b18) (build )
# Java VM: Java HotSpot(TM) 64-Bit Server VM (25.25-b02 mixed mode windows-amd64 compressed oops)
# Failed to write core dump. Minidumps are not enabled by default on client versions of Windows
#
# If you would like to submit a bug report, please visit:
#   http://bugreport.sun.com/bugreport/crash.jsp
#

---------------  T H R E A D  ---------------

Current thread (0x000000000242d800):  JavaThread "Unknown thread" [_thread_in_vm, id=6864, stack(0x0000000002550000,0x0000000002650000)]

Stack: [0x0000000002550000,0x0000000002650000]
Native frames: (J=compiled Java code, j=interpreted, Vv=VM code, C=native code)
V  [jvm.dll+0x31667a]
V  [jvm.dll+0x267073]
V  [jvm.dll+0x267cb3]
V  [jvm.dll+0x25f536]
V  [jvm.dll+0x5e773]
V  [jvm.dll+0x5e863]
V  [jvm.dll+0x731ca]
V  [jvm.dll+0x73528]
V  [jvm.dll+0xe48b7]
V  [jvm.dll+0xe4c46]
V  [jvm.dll+0x1f9ae7]
V  [jvm.dll+0x22b2e4]
V  [jvm.dll+0x14d571]
C  [javaw.exe+0x20c6]
C  [javaw.exe+0xc9eb]
C  [javaw.exe+0xca7f]
C  [kernel32.dll+0x1652d]
C  [ntdll.dll+0x2c521]


---------------  P R O C E S S  ---------------

Java Threads: ( => current thread )

Other Threads:

=>0x000000000242d800 (exited) JavaThread "Unknown thread" [_thread_in_vm, id=6864, stack(0x0000000002550000,0x0000000002650000)]

VM state:not at safepoint (not fully initialized)

VM Mutex/Monitor currently owned by a thread: None

GC Heap History (0 events):
No events

Deoptimization events (0 events):
No events

Internal exceptions (0 events):
No events

Events (10 events):
Event: 0.010 loading class java/lang/CharSequence done
Event: 0.010 loading class java/lang/String done
Event: 0.010 loading class java/lang/Class
Event: 0.010 loading class java/lang/reflect/AnnotatedElement
Event: 0.010 loading class java/lang/reflect/AnnotatedElement done
Event: 0.010 loading class java/lang/reflect/GenericDeclaration
Event: 0.010 loading class java/lang/reflect/GenericDeclaration done
Event: 0.010 loading class java/lang/reflect/Type
Event: 0.010 loading class java/lang/reflect/Type done
Event: 0.010 loading class java/lang/Class done


Dynamic libraries:
0x000000013fbb0000 - 0x000000013fbe4000 	D:\jdk\jre\bin\javaw.exe
0x0000000077540000 - 0x00000000776e9000 	C:\Windows\SYSTEM32\ntdll.dll
0x00000000771e0000 - 0x00000000772ff000 	C:\Windows\system32\kernel32.dll
0x000007fefd200000 - 0x000007fefd26c000 	C:\Windows\system32\KERNELBASE.dll
0x000007fefe2a0000 - 0x000007fefe37b000 	C:\Windows\system32\ADVAPI32.dll
0x000007feff560000 - 0x000007feff5ff000 	C:\Windows\system32\msvcrt.dll
0x000007fefdee0000 - 0x000007fefdeff000 	C:\Windows\SYSTEM32\sechost.dll
0x000007fefdbe0000 - 0x000007fefdd0d000 	C:\Windows\system32\RPCRT4.dll
0x0000000077300000 - 0x00000000773fa000 	C:\Windows\system32\USER32.dll
0x000007fefe230000 - 0x000007fefe297000 	C:\Windows\system32\GDI32.dll
0x000007fefe3d0000 - 0x000007fefe3de000 	C:\Windows\system32\LPK.dll
0x000007fefdb10000 - 0x000007fefdbd9000 	C:\Windows\system32\USP10.dll
0x000007fefb9d0000 - 0x000007fefbbc4000 	C:\Windows\WinSxS\amd64_microsoft.windows.common-controls_6595b64144ccf1df_6.0.7601.17514_none_fa396087175ac9ac\COMCTL32.dll
0x000007feff7a0000 - 0x000007feff811000 	C:\Windows\system32\SHLWAPI.dll
0x000007feff820000 - 0x000007feff84e000 	C:\Windows\system32\IMM32.DLL
0x000007fefd960000 - 0x000007fefda69000 	C:\Windows\system32\MSCTF.dll
0x00000000684f0000 - 0x00000000685c2000 	D:\jdk\jre\bin\msvcr100.dll
0x00000000685d0000 - 0x0000000068e2a000 	D:\jdk\jre\bin\server\jvm.dll
0x000007fef8970000 - 0x000007fef8979000 	C:\Windows\system32\WSOCK32.dll
0x000007fefe380000 - 0x000007fefe3cd000 	C:\Windows\system32\WS2_32.dll
0x000007feff790000 - 0x000007feff798000 	C:\Windows\system32\NSI.dll
0x000007fefd3e0000 - 0x000007fefd41b000 	C:\Windows\system32\WINMM.dll
0x0000000077700000 - 0x0000000077707000 	C:\Windows\system32\PSAPI.DLL
0x000000006d6c0000 - 0x000000006d6cf000 	D:\jdk\jre\bin\verify.dll
0x000000006d430000 - 0x000000006d458000 	D:\jdk\jre\bin\java.dll
0x000000006cfd0000 - 0x000000006cfe6000 	D:\jdk\jre\bin\zip.dll
0x000007fef35a0000 - 0x000007fef36c5000 	C:\Windows\system32\dbghelp.dll

VM Arguments:
jvm_args: -Dfile.encoding=UTF-8 -Xbootclasspath:D:\eclipse\newadt\Eclipse\adt-bundle-windows-x86_64-20140321\sdk\platforms\android-19\android.jar 
java_command: com.vanward.ehheater.activity.info.InformationActivity
java_class_path (initial): C:\Users\baoju\git\water_heater_android\EhHeater\bin\classes;C:\Users\baoju\git\water_heater_android\EhHeater\libs\xpgconnectcli.jar;C:\Users\baoju\git\water_heater_android\EhHeater\libs\umeng-analytics-v5.2.4.jar;C:\Users\baoju\git\water_heater_android\EhHeater\libs\android-support-v4.jar;C:\Users\baoju\git\water_heater_android\EhHeater\libs\nineoldandroids-2.4.0.jar;C:\Users\baoju\git\water_heater_android\EhHeater\libs\commons-io-2.4.jar;C:\Users\baoju\git\water_heater_android\EhHeater\libs\gson-2.2.3.jar
Launcher Type: SUN_STANDARD

Environment Variables:
JAVA_HOME=D:\jdk\jdk
CLASSPATH=¡°.;D:\jdk\jdk\lib;D:\jdk\jdk\lib\tools.jar
PATH=D:/jdk/jre/bin/server;D:/jdk/jre/bin;D:/jdk/jre/lib/amd64;C:\ProgramData\Oracle\Java\javapath;C:\Windows\system32;C:\Windows;C:\Windows\System32\Wbem;C:\Windows\System32\WindowsPowerShell\v1.0\;D:\TortoiseSVN\bin;D:\jdk\jdk\bin;D:\jdk\jdk\jre\bin;C:\ProgramData\Oracle\Java\javapath;C:\Windows\system32;C:\Windows;C:\Windows\System32\Wbem;C:\Windows\System32\WindowsPowerShell\v1.0\;D:\TortoiseSVN\bin;D:\jdk\jdk\bin;D:\jdk\jdk\jre\bin;D:\eclipse\newadt\Eclipse\adt-bundle-windows-x86_64-20140321\eclipse;
USERNAME=baoju
OS=Windows_NT
PROCESSOR_IDENTIFIER=Intel64 Family 6 Model 60 Stepping 3, GenuineIntel



---------------  S Y S T E M  ---------------

OS: Windows 7 , 64 bit Build 7601 Service Pack 1

CPU:total 4 (2 cores per cpu, 2 threads per core) family 6 model 60 stepping 3, cmov, cx8, fxsr, mmx, sse, sse2, sse3, ssse3, sse4.1, sse4.2, popcnt, avx, avx2, aes, clmul, erms, lzcnt, ht, tsc, tscinvbit, bmi1, bmi2

Memory: 4k page, physical 4129136k(989648k free), swap 8256420k(4066136k free)

vm_info: Java HotSpot(TM) 64-Bit Server VM (25.25-b02) for windows-amd64 JRE (1.8.0_25-b18), built on Oct  7 2014 14:25:37 by "java_re" with MS VC++ 10.0 (VS2010)

time: Wed Dec 03 19:22:51 2014
elapsed time: 0 seconds (0d 0h 0m 0s)

