#
# A fatal error has been detected by the Java Runtime Environment:
#
#  Internal Error (javaClasses.cpp:126), pid=1296, tid=5144
#  fatal error: Invalid layout of preloaded class
#
# JRE version:  (8.0_25-b18) (build )
# Java VM: Java HotSpot(TM) 64-Bit Server VM (25.25-b02 mixed mode windows-amd64 compressed oops)
# Failed to write core dump. Minidumps are not enabled by default on client versions of Windows
#
# If you would like to submit a bug report, please visit:
#   http://bugreport.sun.com/bugreport/crash.jsp
#

---------------  T H R E A D  ---------------

Current thread (0x000000000243d800):  JavaThread "Unknown thread" [_thread_in_vm, id=5144, stack(0x0000000002730000,0x0000000002830000)]

Stack: [0x0000000002730000,0x0000000002830000]
Native frames: (J=compiled Java code, j=interpreted, Vv=VM code, C=native code)
V  [jvm.dll+0x31667a]
V  [jvm.dll+0x267073]
V  [jvm.dll+0x267cb3]
V  [jvm.dll+0x25f536]
V  [jvm.dll+0x5e773]
V  [jvm.dll+0x5e863]
V  [jvm.dll+0x731ca]
V  [jvm.dll+0x73528]
V  [jvm.dll+0xe48b7]
V  [jvm.dll+0xe4c46]
V  [jvm.dll+0x1f9ae7]
V  [jvm.dll+0x22b2e4]
V  [jvm.dll+0x14d571]
C  [javaw.exe+0x20c6]
C  [javaw.exe+0xc9eb]
C  [javaw.exe+0xca7f]
C  [kernel32.dll+0x1652d]
C  [ntdll.dll+0x2c521]


---------------  P R O C E S S  ---------------

Java Threads: ( => current thread )

Other Threads:

=>0x000000000243d800 (exited) JavaThread "Unknown thread" [_thread_in_vm, id=5144, stack(0x0000000002730000,0x0000000002830000)]

VM state:not at safepoint (not fully initialized)

VM Mutex/Monitor currently owned by a thread: None

GC Heap History (0 events):
No events

Deoptimization events (0 events):
No events

Internal exceptions (0 events):
No events

Events (10 events):
Event: 0.008 loading class java/lang/CharSequence done
Event: 0.008 loading class java/lang/String done
Event: 0.008 loading class java/lang/Class
Event: 0.008 loading class java/lang/reflect/AnnotatedElement
Event: 0.008 loading class java/lang/reflect/AnnotatedElement done
Event: 0.008 loading class java/lang/reflect/GenericDeclaration
Event: 0.008 loading class java/lang/reflect/GenericDeclaration done
Event: 0.008 loading class java/lang/reflect/Type
Event: 0.008 loading class java/lang/reflect/Type done
Event: 0.008 loading class java/lang/Class done


Dynamic libraries:
0x000000013fc00000 - 0x000000013fc34000 	D:\jdk\jre\bin\javaw.exe
0x0000000077bc0000 - 0x0000000077d69000 	C:\Windows\SYSTEM32\ntdll.dll
0x0000000077960000 - 0x0000000077a7f000 	C:\Windows\system32\kernel32.dll
0x000007fefd980000 - 0x000007fefd9ec000 	C:\Windows\system32\KERNELBASE.dll
0x000007feffd70000 - 0x000007feffe4b000 	C:\Windows\system32\ADVAPI32.dll
0x000007fefe9c0000 - 0x000007fefea5f000 	C:\Windows\system32\msvcrt.dll
0x000007fefe840000 - 0x000007fefe85f000 	C:\Windows\SYSTEM32\sechost.dll
0x000007fefdc50000 - 0x000007fefdd7d000 	C:\Windows\system32\RPCRT4.dll
0x0000000077860000 - 0x000000007795a000 	C:\Windows\system32\USER32.dll
0x000007fefe1b0000 - 0x000007fefe217000 	C:\Windows\system32\GDI32.dll
0x000007feffec0000 - 0x000007feffece000 	C:\Windows\system32\LPK.dll
0x000007fefe250000 - 0x000007fefe319000 	C:\Windows\system32\USP10.dll
0x000007fefc230000 - 0x000007fefc424000 	C:\Windows\WinSxS\amd64_microsoft.windows.common-controls_6595b64144ccf1df_6.0.7601.17514_none_fa396087175ac9ac\COMCTL32.dll
0x000007fefe490000 - 0x000007fefe501000 	C:\Windows\system32\SHLWAPI.dll
0x000007fefe220000 - 0x000007fefe24e000 	C:\Windows\system32\IMM32.DLL
0x000007fefddd0000 - 0x000007fefded9000 	C:\Windows\system32\MSCTF.dll
0x0000000074f60000 - 0x0000000075032000 	D:\jdk\jre\bin\msvcr100.dll
0x0000000067750000 - 0x0000000067faa000 	D:\jdk\jre\bin\server\jvm.dll
0x000007fefc190000 - 0x000007fefc199000 	C:\Windows\system32\WSOCK32.dll
0x000007fefdd80000 - 0x000007fefddcd000 	C:\Windows\system32\WS2_32.dll
0x000007feffe50000 - 0x000007feffe58000 	C:\Windows\system32\NSI.dll
0x000007fefdaf0000 - 0x000007fefdb2b000 	C:\Windows\system32\WINMM.dll
0x0000000077d80000 - 0x0000000077d87000 	C:\Windows\system32\PSAPI.DLL
0x0000000074f50000 - 0x0000000074f5f000 	D:\jdk\jre\bin\verify.dll
0x0000000074f20000 - 0x0000000074f48000 	D:\jdk\jre\bin\java.dll
0x000000006a7a0000 - 0x000000006a7b6000 	D:\jdk\jre\bin\zip.dll
0x000007fef3a40000 - 0x000007fef3b65000 	C:\Windows\system32\dbghelp.dll

VM Arguments:
jvm_args: -Dfile.encoding=UTF-8 -Xbootclasspath:D:\eclipse\newadt\Eclipse\adt-bundle-windows-x86_64-20140321\sdk\platforms\android-19\android.jar 
java_command: com.vanward.ehheater.activity.info.InfoElcChartView
java_class_path (initial): C:\Users\baoju\git\water_heater_android\EhHeater\bin\classes;C:\Users\baoju\git\water_heater_android\EhHeater\libs\xpgconnectcli.jar;C:\Users\baoju\git\water_heater_android\EhHeater\libs\umeng-analytics-v5.2.4.jar;C:\Users\baoju\git\water_heater_android\EhHeater\libs\android-support-v4.jar;C:\Users\baoju\git\water_heater_android\EhHeater\libs\nineoldandroids-2.4.0.jar;C:\Users\baoju\git\water_heater_android\EhHeater\libs\commons-io-2.4.jar;C:\Users\baoju\git\water_heater_android\EhHeater\libs\gson-2.2.3.jar
Launcher Type: SUN_STANDARD

Environment Variables:
JAVA_HOME=D:\jdk\jdk
CLASSPATH=¡°.;D:\jdk\jdk\lib;D:\jdk\jdk\lib\tools.jar
PATH=D:/jdk/jre/bin/server;D:/jdk/jre/bin;D:/jdk/jre/lib/amd64;C:\ProgramData\Oracle\Java\javapath;C:\Windows\system32;C:\Windows;C:\Windows\System32\Wbem;C:\Windows\System32\WindowsPowerShell\v1.0\;D:\TortoiseSVN\bin;D:\jdk\jdk\bin;D:\jdk\jdk\jre\bin;C:\ProgramData\Oracle\Java\javapath;C:\Windows\system32;C:\Windows;C:\Windows\System32\Wbem;C:\Windows\System32\WindowsPowerShell\v1.0\;D:\TortoiseSVN\bin;D:\jdk\jdk\bin;D:\jdk\jdk\jre\bin;D:\eclipse\newadt\Eclipse\adt-bundle-windows-x86_64-20140321\eclipse;
USERNAME=baoju
OS=Windows_NT
PROCESSOR_IDENTIFIER=Intel64 Family 6 Model 60 Stepping 3, GenuineIntel



---------------  S Y S T E M  ---------------

OS: Windows 7 , 64 bit Build 7601 Service Pack 1

CPU:total 4 (2 cores per cpu, 2 threads per core) family 6 model 60 stepping 3, cmov, cx8, fxsr, mmx, sse, sse2, sse3, ssse3, sse4.1, sse4.2, popcnt, avx, avx2, aes, clmul, erms, lzcnt, ht, tsc, tscinvbit, bmi1, bmi2

Memory: 4k page, physical 4129136k(1656204k free), swap 8256420k(4632612k free)

vm_info: Java HotSpot(TM) 64-Bit Server VM (25.25-b02) for windows-amd64 JRE (1.8.0_25-b18), built on Oct  7 2014 14:25:37 by "java_re" with MS VC++ 10.0 (VS2010)

time: Fri Dec 05 18:40:26 2014
elapsed time: 0 seconds (0d 0h 0m 0s)

